#-----------------------------------------------------------
# Vivado v2018.3 (64-bit)
# SW Build 2405991 on Thu Dec  6 23:38:27 MST 2018
# IP Build 2404404 on Fri Dec  7 01:43:56 MST 2018
# Start of session at: Sat May 21 14:00:33 2022
# Process ID: 13492
# Current directory: D:/Mizar_Z7020_2018.3/Part4_Linux_Demo/10_petalinux_hdmi_wifi/petalinux_hdmi
# Command line: vivado.exe -gui_launcher_event rodinguilauncherevent21784 D:\Mizar_Z7020_2018.3\Part4_Linux_Demo\10_petalinux_hdmi_wifi\petalinux_hdmi\petalinux_hdmi.xpr
# Log file: D:/Mizar_Z7020_2018.3/Part4_Linux_Demo/10_petalinux_hdmi_wifi/petalinux_hdmi/vivado.log
# Journal file: D:/Mizar_Z7020_2018.3/Part4_Linux_Demo/10_petalinux_hdmi_wifi/petalinux_hdmi\vivado.jou
#-----------------------------------------------------------
start_gui
open_project D:/Mizar_Z7020_2018.3/Part4_Linux_Demo/10_petalinux_hdmi_wifi/petalinux_hdmi/petalinux_hdmi.xpr
Scanning sources...
Finished scanning sources
INFO: [IP_Flow 19-234] Refreshing IP repositories
INFO: [IP_Flow 19-1700] Loaded user IP repository 'd:/Mizar_Z7020_2018.3/Part4_Linux_Demo/10_petalinux_hdmi_wifi/petalinux_hdmi/repo'.
INFO: [IP_Flow 19-2313] Loaded Vivado IP repository 'C:/Xilinx/Vivado/2018.3/data/ip'.
open_project: Time (s): cpu = 00:00:18 ; elapsed = 00:00:14 . Memory (MB): peak = 766.094 ; gain = 159.137
update_compile_order -fileset sources_1
reset_run synth_1
launch_runs impl_1 -to_step write_bitstream -jobs 6
[Sat May 21 14:01:26 2022] Launched synth_1...
Run output will be captured here: D:/Mizar_Z7020_2018.3/Part4_Linux_Demo/10_petalinux_hdmi_wifi/petalinux_hdmi/petalinux_hdmi.runs/synth_1/runme.log
[Sat May 21 14:01:26 2022] Launched impl_1...
Run output will be captured here: D:/Mizar_Z7020_2018.3/Part4_Linux_Demo/10_petalinux_hdmi_wifi/petalinux_hdmi/petalinux_hdmi.runs/impl_1/runme.log
file copy -force D:/Mizar_Z7020_2018.3/Part4_Linux_Demo/10_petalinux_hdmi_wifi/petalinux_hdmi/petalinux_hdmi.runs/impl_1/hdmi_out_wrapper.bit D:/Mizar_Z7020_2018.3/Part4_Linux_Demo/10_petalinux_hdmi_wifi/petalinux_hdmi/petalinux_hdmi.sdk/hdmi_out_wrapper_hw_platform_2/hdmi_out_wrapper.bit
file copy -force D:/Mizar_Z7020_2018.3/Part4_Linux_Demo/10_petalinux_hdmi_wifi/petalinux_hdmi/petalinux_hdmi.runs/impl_1/hdmi_out_wrapper.sysdef D:/Mizar_Z7020_2018.3/Part4_Linux_Demo/10_petalinux_hdmi_wifi/petalinux_hdmi/petalinux_hdmi.sdk/hdmi_out_wrapper.hdf

launch_sdk -workspace D:/Mizar_Z7020_2018.3/Part4_Linux_Demo/10_petalinux_hdmi_wifi/petalinux_hdmi/petalinux_hdmi.sdk -hwspec D:/Mizar_Z7020_2018.3/Part4_Linux_Demo/10_petalinux_hdmi_wifi/petalinux_hdmi/petalinux_hdmi.sdk/hdmi_out_wrapper.hdf
INFO: [Vivado 12-393] Launching SDK...
INFO: [Vivado 12-417] Running xsdk -workspace D:/Mizar_Z7020_2018.3/Part4_Linux_Demo/10_petalinux_hdmi_wifi/petalinux_hdmi/petalinux_hdmi.sdk -hwspec D:/Mizar_Z7020_2018.3/Part4_Linux_Demo/10_petalinux_hdmi_wifi/petalinux_hdmi/petalinux_hdmi.sdk/hdmi_out_wrapper.hdf
INFO: [Vivado 12-3157] SDK launch initiated. Please check console for any further messages.
exit
INFO: [Common 17-206] Exiting Vivado at Sat May 21 14:10:08 2022...
