#-----------------------------------------------------------
# Vivado v2018.3 (64-bit)
# SW Build 2405991 on Thu Dec  6 23:38:27 MST 2018
# IP Build 2404404 on Fri Dec  7 01:43:56 MST 2018
# Start of session at: Fri Aug  7 15:56:34 2020
# Process ID: 13748
# Current directory: D:/ZYNQ_Mizar-7020/06_Linux_Demo/6_petalinux_hdmi/petalinux_hdmi
# Command line: vivado.exe -gui_launcher_event rodinguilauncherevent3900 D:\ZYNQ_Mizar-7020\06_Linux_Demo\6_petalinux_hdmi\petalinux_hdmi\petalinux_hdmi.xpr
# Log file: D:/ZYNQ_Mizar-7020/06_Linux_Demo/6_petalinux_hdmi/petalinux_hdmi/vivado.log
# Journal file: D:/ZYNQ_Mizar-7020/06_Linux_Demo/6_petalinux_hdmi/petalinux_hdmi\vivado.jou
#-----------------------------------------------------------
start_gui
open_project D:/ZYNQ_Mizar-7020/06_Linux_Demo/6_petalinux_hdmi/petalinux_hdmi/petalinux_hdmi.xpr
Scanning sources...
Finished scanning sources
INFO: [IP_Flow 19-234] Refreshing IP repositories
INFO: [IP_Flow 19-1700] Loaded user IP repository 'd:/ZYNQ_Mizar-7020/04_SDK_Demo/17_hdmi_out/hdmi_out/repo'.
INFO: [IP_Flow 19-2313] Loaded Vivado IP repository 'C:/Xilinx/Vivado/2018.3/data/ip'.
open_project: Time (s): cpu = 00:00:15 ; elapsed = 00:00:17 . Memory (MB): peak = 747.063 ; gain = 175.688
update_compile_order -fileset sources_1
open_bd_design {D:/ZYNQ_Mizar-7020/06_Linux_Demo/6_petalinux_hdmi/petalinux_hdmi/petalinux_hdmi.srcs/sources_1/bd/hdmi_out/hdmi_out.bd}
Adding cell -- xilinx.com:ip:processing_system7:5.5 - processing_system7_0
Adding cell -- xilinx.com:ip:axi_vdma:6.3 - axi_vdma_0
Adding cell -- xilinx.com:ip:smartconnect:1.0 - axi_smc
Adding cell -- xilinx.com:ip:proc_sys_reset:5.0 - rst_ps7_0_140M
Adding cell -- xilinx.com:ip:axi_interconnect:2.1 - ps7_0_axi_periph
Adding cell -- xilinx.com:ip:axi_crossbar:2.1 - xbar
Adding cell -- xilinx.com:ip:axi_protocol_converter:2.1 - auto_pc
Adding cell -- xilinx.com:ip:proc_sys_reset:5.0 - rst_ps7_0_100M
Adding cell -- xilinx.com:ip:v_axi4s_vid_out:4.0 - v_axi4s_vid_out_0
Adding cell -- xilinx.com:ip:v_tc:6.1 - v_tc_0
Adding cell -- digilentinc.com:ip:rgb2dvi:1.2 - rgb2dvi_0
Adding cell -- digilentinc.com:ip:axi_dynclk:1.0 - axi_dynclk_0
Adding cell -- xilinx.com:ip:xlconstant:1.1 - xlconstant_1
Adding cell -- xilinx.com:ip:xlconcat:2.1 - xlconcat_0
WARNING: [BD 41-1731] Type mismatch between connected pins: /axi_dynclk_0/LOCKED_O(undef) and /rgb2dvi_0/aRst_n(rst)
Successfully read diagram <hdmi_out> from BD file <D:/ZYNQ_Mizar-7020/06_Linux_Demo/6_petalinux_hdmi/petalinux_hdmi/petalinux_hdmi.srcs/sources_1/bd/hdmi_out/hdmi_out.bd>
file mkdir D:/ZYNQ_Mizar-7020/06_Linux_Demo/6_petalinux_hdmi/petalinux_hdmi/petalinux_hdmi.sdk
file copy -force D:/ZYNQ_Mizar-7020/06_Linux_Demo/6_petalinux_hdmi/petalinux_hdmi/petalinux_hdmi.runs/impl_1/hdmi_out_wrapper.sysdef D:/ZYNQ_Mizar-7020/06_Linux_Demo/6_petalinux_hdmi/petalinux_hdmi/petalinux_hdmi.sdk/hdmi_out_wrapper.hdf

launch_sdk -workspace D:/ZYNQ_Mizar-7020/06_Linux_Demo/6_petalinux_hdmi/petalinux_hdmi/petalinux_hdmi.sdk -hwspec D:/ZYNQ_Mizar-7020/06_Linux_Demo/6_petalinux_hdmi/petalinux_hdmi/petalinux_hdmi.sdk/hdmi_out_wrapper.hdf
INFO: [Vivado 12-393] Launching SDK...
INFO: [Vivado 12-417] Running xsdk -workspace D:/ZYNQ_Mizar-7020/06_Linux_Demo/6_petalinux_hdmi/petalinux_hdmi/petalinux_hdmi.sdk -hwspec D:/ZYNQ_Mizar-7020/06_Linux_Demo/6_petalinux_hdmi/petalinux_hdmi/petalinux_hdmi.sdk/hdmi_out_wrapper.hdf
INFO: [Vivado 12-3157] SDK launch initiated. Please check console for any further messages.
WARNING: [IP_Flow 19-474] Invalid Parameter 'Component_Name'
exit
INFO: [Common 17-206] Exiting Vivado at Fri Aug  7 16:33:33 2020...
