#-----------------------------------------------------------
# Vivado v2018.3 (64-bit)
# SW Build 2405991 on Thu Dec  6 23:38:27 MST 2018
# IP Build 2404404 on Fri Dec  7 01:43:56 MST 2018
# Start of session at: Sat May 21 11:05:50 2022
# Process ID: 8408
# Current directory: D:/Mizar_Z7020_2018.3/Part4_Linux_Demo/10_petalinux_hdmi_wifi/petalinux_hdmi
# Command line: vivado.exe -gui_launcher_event rodinguilauncherevent20392 D:\Mizar_Z7020_2018.3\Part4_Linux_Demo\10_petalinux_hdmi_wifi\petalinux_hdmi\petalinux_hdmi.xpr
# Log file: D:/Mizar_Z7020_2018.3/Part4_Linux_Demo/10_petalinux_hdmi_wifi/petalinux_hdmi/vivado.log
# Journal file: D:/Mizar_Z7020_2018.3/Part4_Linux_Demo/10_petalinux_hdmi_wifi/petalinux_hdmi\vivado.jou
#-----------------------------------------------------------
start_gui
open_project D:/Mizar_Z7020_2018.3/Part4_Linux_Demo/10_petalinux_hdmi_wifi/petalinux_hdmi/petalinux_hdmi.xpr
INFO: [Project 1-313] Project file moved from 'D:/Mizar_Z7020_2018.3/Part4_Linux_Demo/6_petalinux_hdmi/petalinux_hdmi' since last save.
Scanning sources...
Finished scanning sources
WARNING: [filemgmt 56-3] IP Repository Path: Could not find the directory 'D:/Mizar_Z7020_2018.3/04_SDK_Demo/17_hdmi_out/hdmi_out/repo'.
INFO: [IP_Flow 19-234] Refreshing IP repositories
WARNING: [IP_Flow 19-2248] Failed to load user IP repository 'd:/Mizar_Z7020_2018.3/04_SDK_Demo/17_hdmi_out/hdmi_out/repo'; Can't find the specified path.
If this directory should no longer be in your list of user repositories, go to the IP Settings dialog and remove it.
INFO: [IP_Flow 19-2313] Loaded Vivado IP repository 'C:/Xilinx/Vivado/2018.3/data/ip'.
WARNING: [BD 41-1661] One or more IPs have been locked in the design 'hdmi_out.bd'. Please run report_ip_status for more details and recommendations on how to fix this issue.
List of locked IPs:
hdmi_out_rgb2dvi_0_1
hdmi_out_axi_dynclk_0_0

open_project: Time (s): cpu = 00:00:18 ; elapsed = 00:00:14 . Memory (MB): peak = 760.559 ; gain = 171.430
update_compile_order -fileset sources_1
open_bd_design {D:/Mizar_Z7020_2018.3/Part4_Linux_Demo/10_petalinux_hdmi_wifi/petalinux_hdmi/petalinux_hdmi.srcs/sources_1/bd/hdmi_out/hdmi_out.bd}
CRITICAL WARNING: [BD 41-52] Could not find the abstraction definition specified by the vlnv: digilentinc.com:interface:tmds_rtl:1.0 
CRITICAL WARNING: [BD 41-181] Type specified by the VLNV: 'digilentinc.com:interface:tmds_rtl:1.0', cannot be found. Interface port: 'TMDS_0' cannot be created
Adding cell -- xilinx.com:ip:processing_system7:5.5 - processing_system7_0
Adding cell -- xilinx.com:ip:axi_vdma:6.3 - axi_vdma_0
Adding cell -- xilinx.com:ip:smartconnect:1.0 - axi_smc
Adding cell -- xilinx.com:ip:proc_sys_reset:5.0 - rst_ps7_0_140M
Adding cell -- xilinx.com:ip:axi_interconnect:2.1 - ps7_0_axi_periph
Adding cell -- xilinx.com:ip:axi_crossbar:2.1 - xbar
Adding cell -- xilinx.com:ip:axi_protocol_converter:2.1 - auto_pc
Adding cell -- xilinx.com:ip:proc_sys_reset:5.0 - rst_ps7_0_100M
Adding cell -- xilinx.com:ip:v_axi4s_vid_out:4.0 - v_axi4s_vid_out_0
Adding cell -- xilinx.com:ip:v_tc:6.1 - v_tc_0
Adding cell -- digilentinc.com:ip:rgb2dvi:1.2 - rgb2dvi_0
CRITICAL WARNING: [BD 41-51] Could not find bus definition for the interface: TMDS 
CRITICAL WARNING: [BD 41-49] Could not find abstraction definition for the interface: TMDS 
CRITICAL WARNING: [BD 41-49] Could not find abstraction definition for the interface: TMDS 
Adding cell -- digilentinc.com:ip:axi_dynclk:1.0 - axi_dynclk_0
Adding cell -- xilinx.com:ip:xlconstant:1.1 - xlconstant_1
Adding cell -- xilinx.com:ip:xlconcat:2.1 - xlconcat_0
CRITICAL WARNING: [BD 41-2161] Unable to find interface <TMDS_0> in cell <> while setting up interface connections during loading of BD file.
WARNING: [BD 41-1731] Type mismatch between connected pins: /axi_dynclk_0/LOCKED_O(undef) and /rgb2dvi_0/aRst_n(rst)
Successfully read diagram <hdmi_out> from BD file <D:/Mizar_Z7020_2018.3/Part4_Linux_Demo/10_petalinux_hdmi_wifi/petalinux_hdmi/petalinux_hdmi.srcs/sources_1/bd/hdmi_out/hdmi_out.bd>
open_bd_design: Time (s): cpu = 00:00:05 ; elapsed = 00:00:06 . Memory (MB): peak = 1818.906 ; gain = 20.422
open_bd_design {D:/Mizar_Z7020_2018.3/Part4_Linux_Demo/10_petalinux_hdmi_wifi/petalinux_hdmi/petalinux_hdmi.srcs/sources_1/bd/hdmi_out/hdmi_out.bd}
WARNING: [IP_Flow 19-474] Invalid Parameter 'Component_Name'
startgroup
set_property -dict [list CONFIG.PCW_SDIO_PERIPHERAL_FREQMHZ {25} CONFIG.PCW_SD1_PERIPHERAL_ENABLE {1} CONFIG.PCW_SD1_SD1_IO {MIO 10 .. 15}] [get_bd_cells processing_system7_0]
endgroup
save_bd_design
Wrote  : <D:\Mizar_Z7020_2018.3\Part4_Linux_Demo\10_petalinux_hdmi_wifi\petalinux_hdmi\petalinux_hdmi.srcs\sources_1\bd\hdmi_out\hdmi_out.bd> 
Wrote  : <D:/Mizar_Z7020_2018.3/Part4_Linux_Demo/10_petalinux_hdmi_wifi/petalinux_hdmi/petalinux_hdmi.srcs/sources_1/bd/hdmi_out/ui/bd_f2526487.ui> 
reset_run synth_1
reset_run hdmi_out_processing_system7_0_0_synth_1
launch_runs impl_1 -to_step write_bitstream -jobs 6
WARNING: [Vivado 12-4801] The synthesis checkpoint for IP 'D:/Mizar_Z7020_2018.3/Part4_Linux_Demo/10_petalinux_hdmi_wifi/petalinux_hdmi/petalinux_hdmi.srcs/sources_1/bd/hdmi_out/ip/hdmi_out_processing_system7_0_0/hdmi_out_processing_system7_0_0.xci' is available but stale and the IP is locked. An out-of-context (OOC) run will be created and/or launched, but synthesis may not be able to complete or could result in incorrect behavior.
Please select 'Report IP Status' from the 'Tools/Report' menu or run Tcl command 'report_ip_status' for more information.
WARNING: [Runs 36-337] The following IPs are either missing output products or output products are not up-to-date for Synthesis target. Since these IPs are locked, no update to the output products can be done. 
Please select 'Report IP Status' from the 'Tools/Report' menu or run Tcl command 'report_ip_status' for more information.
D:/Mizar_Z7020_2018.3/Part4_Linux_Demo/10_petalinux_hdmi_wifi/petalinux_hdmi/petalinux_hdmi.srcs/sources_1/bd/hdmi_out/hdmi_out.bd

WARNING: [Runs 36-337] The following IPs are either missing output products or output products are not up-to-date for Implementation target. Since these IPs are locked, no update to the output products can be done. 
Please select 'Report IP Status' from the 'Tools/Report' menu or run Tcl command 'report_ip_status' for more information.
D:/Mizar_Z7020_2018.3/Part4_Linux_Demo/10_petalinux_hdmi_wifi/petalinux_hdmi/petalinux_hdmi.srcs/sources_1/bd/hdmi_out/hdmi_out.bd

[Sat May 21 11:11:43 2022] Launched hdmi_out_processing_system7_0_0_synth_1, synth_1...
Run output will be captured here:
hdmi_out_processing_system7_0_0_synth_1: D:/Mizar_Z7020_2018.3/Part4_Linux_Demo/10_petalinux_hdmi_wifi/petalinux_hdmi/petalinux_hdmi.runs/hdmi_out_processing_system7_0_0_synth_1/runme.log
synth_1: D:/Mizar_Z7020_2018.3/Part4_Linux_Demo/10_petalinux_hdmi_wifi/petalinux_hdmi/petalinux_hdmi.runs/synth_1/runme.log
[Sat May 21 11:11:43 2022] Launched impl_1...
Run output will be captured here: D:/Mizar_Z7020_2018.3/Part4_Linux_Demo/10_petalinux_hdmi_wifi/petalinux_hdmi/petalinux_hdmi.runs/impl_1/runme.log
reset_run impl_1
launch_runs impl_1 -to_step write_bitstream -jobs 6
INFO: [IP_Flow 19-4993] Using cached IP synthesis design for IP hdmi_out_processing_system7_0_0, cache-ID = bed832cee05be201; cache size = 20.332 MB.
WARNING: [Vivado 12-4801] The synthesis checkpoint for IP 'D:/Mizar_Z7020_2018.3/Part4_Linux_Demo/10_petalinux_hdmi_wifi/petalinux_hdmi/petalinux_hdmi.srcs/sources_1/bd/hdmi_out/ip/hdmi_out_processing_system7_0_0/hdmi_out_processing_system7_0_0.xci' is available but stale and the IP is locked. An out-of-context (OOC) run will be created and/or launched, but synthesis may not be able to complete or could result in incorrect behavior.
Please select 'Report IP Status' from the 'Tools/Report' menu or run Tcl command 'report_ip_status' for more information.
[Sat May 21 11:15:45 2022] Launched impl_1...
Run output will be captured here: D:/Mizar_Z7020_2018.3/Part4_Linux_Demo/10_petalinux_hdmi_wifi/petalinux_hdmi/petalinux_hdmi.runs/impl_1/runme.log
WARNING: [IP_Flow 19-474] Invalid Parameter 'Component_Name'
startgroup
endgroup
reset_run hdmi_out_processing_system7_0_0_synth_1
reset_run synth_1
launch_runs synth_1 -jobs 6
INFO: [IP_Flow 19-4993] Using cached IP synthesis design for IP hdmi_out_processing_system7_0_0, cache-ID = bed832cee05be201; cache size = 20.332 MB.
WARNING: [Vivado 12-4801] The synthesis checkpoint for IP 'D:/Mizar_Z7020_2018.3/Part4_Linux_Demo/10_petalinux_hdmi_wifi/petalinux_hdmi/petalinux_hdmi.srcs/sources_1/bd/hdmi_out/ip/hdmi_out_processing_system7_0_0/hdmi_out_processing_system7_0_0.xci' is available but stale and the IP is locked. An out-of-context (OOC) run will be created and/or launched, but synthesis may not be able to complete or could result in incorrect behavior.
Please select 'Report IP Status' from the 'Tools/Report' menu or run Tcl command 'report_ip_status' for more information.
WARNING: [Runs 36-337] The following IPs are either missing output products or output products are not up-to-date for Synthesis target. Since these IPs are locked, no update to the output products can be done. 
Please select 'Report IP Status' from the 'Tools/Report' menu or run Tcl command 'report_ip_status' for more information.
D:/Mizar_Z7020_2018.3/Part4_Linux_Demo/10_petalinux_hdmi_wifi/petalinux_hdmi/petalinux_hdmi.srcs/sources_1/bd/hdmi_out/hdmi_out.bd

WARNING: [Runs 36-337] The following IPs are either missing output products or output products are not up-to-date for Implementation target. Since these IPs are locked, no update to the output products can be done. 
Please select 'Report IP Status' from the 'Tools/Report' menu or run Tcl command 'report_ip_status' for more information.
D:/Mizar_Z7020_2018.3/Part4_Linux_Demo/10_petalinux_hdmi_wifi/petalinux_hdmi/petalinux_hdmi.srcs/sources_1/bd/hdmi_out/hdmi_out.bd

[Sat May 21 11:18:53 2022] Launched hdmi_out_processing_system7_0_0_synth_1...
Run output will be captured here: D:/Mizar_Z7020_2018.3/Part4_Linux_Demo/10_petalinux_hdmi_wifi/petalinux_hdmi/petalinux_hdmi.runs/hdmi_out_processing_system7_0_0_synth_1/runme.log
[Sat May 21 11:18:53 2022] Launched synth_1...
Run output will be captured here: D:/Mizar_Z7020_2018.3/Part4_Linux_Demo/10_petalinux_hdmi_wifi/petalinux_hdmi/petalinux_hdmi.runs/synth_1/runme.log
launch_runs impl_1 -jobs 6
INFO: [IP_Flow 19-4993] Using cached IP synthesis design for IP hdmi_out_processing_system7_0_0, cache-ID = bed832cee05be201; cache size = 20.332 MB.
WARNING: [Vivado 12-4801] The synthesis checkpoint for IP 'D:/Mizar_Z7020_2018.3/Part4_Linux_Demo/10_petalinux_hdmi_wifi/petalinux_hdmi/petalinux_hdmi.srcs/sources_1/bd/hdmi_out/ip/hdmi_out_processing_system7_0_0/hdmi_out_processing_system7_0_0.xci' is available but stale and the IP is locked. An out-of-context (OOC) run will be created and/or launched, but synthesis may not be able to complete or could result in incorrect behavior.
Please select 'Report IP Status' from the 'Tools/Report' menu or run Tcl command 'report_ip_status' for more information.
[Sat May 21 11:19:55 2022] Launched impl_1...
Run output will be captured here: D:/Mizar_Z7020_2018.3/Part4_Linux_Demo/10_petalinux_hdmi_wifi/petalinux_hdmi/petalinux_hdmi.runs/impl_1/runme.log
open_bd_design {D:/Mizar_Z7020_2018.3/Part4_Linux_Demo/10_petalinux_hdmi_wifi/petalinux_hdmi/petalinux_hdmi.srcs/sources_1/bd/hdmi_out/hdmi_out.bd}
report_ip_status -name ip_status 
open_bd_design {D:/Mizar_Z7020_2018.3/Part4_Linux_Demo/10_petalinux_hdmi_wifi/petalinux_hdmi/petalinux_hdmi.srcs/sources_1/bd/hdmi_out/hdmi_out.bd}
set_property LOCK_UPGRADE 1 [get_bd_cells /axi_dynclk_0]
WARNING: [BD 41-2028] Locking axi_dynclk to version 1.0. If the latest driver for the IP is not backwards compatible, software flow will assign a generic driver or no driver for this IP
set_property LOCK_UPGRADE 1 [get_bd_cells /rgb2dvi_0]
update_ip_catalog -rebuild
INFO: [IP_Flow 19-234] Refreshing IP repositories
WARNING: [IP_Flow 19-2248] Failed to load user IP repository 'd:/Mizar_Z7020_2018.3/04_SDK_Demo/17_hdmi_out/hdmi_out/repo'; Can't find the specified path.
If this directory should no longer be in your list of user repositories, go to the IP Settings dialog and remove it.
update_ip_catalog -rebuild
INFO: [IP_Flow 19-234] Refreshing IP repositories
WARNING: [IP_Flow 19-2248] Failed to load user IP repository 'd:/Mizar_Z7020_2018.3/04_SDK_Demo/17_hdmi_out/hdmi_out/repo'; Can't find the specified path.
If this directory should no longer be in your list of user repositories, go to the IP Settings dialog and remove it.
set_property  ip_repo_paths  {d:/Mizar_Z7020_2018.3/04_SDK_Demo/17_hdmi_out/hdmi_out/repo D:/Mizar_Z7020_2018.3/Part4_Linux_Demo/10_petalinux_hdmi_wifi/petalinux_hdmi/repo} [current_project]
update_ip_catalog
INFO: [IP_Flow 19-234] Refreshing IP repositories
WARNING: [IP_Flow 19-2248] Failed to load user IP repository 'd:/Mizar_Z7020_2018.3/04_SDK_Demo/17_hdmi_out/hdmi_out/repo'; Can't find the specified path.
If this directory should no longer be in your list of user repositories, go to the IP Settings dialog and remove it.
INFO: [IP_Flow 19-1700] Loaded user IP repository 'd:/Mizar_Z7020_2018.3/Part4_Linux_Demo/10_petalinux_hdmi_wifi/petalinux_hdmi/repo'.
set_property  ip_repo_paths  d:/Mizar_Z7020_2018.3/Part4_Linux_Demo/10_petalinux_hdmi_wifi/petalinux_hdmi/repo [current_project]
update_ip_catalog
INFO: [IP_Flow 19-234] Refreshing IP repositories
INFO: [IP_Flow 19-1700] Loaded user IP repository 'd:/Mizar_Z7020_2018.3/Part4_Linux_Demo/10_petalinux_hdmi_wifi/petalinux_hdmi/repo'.
save_bd_design
Wrote  : <D:\Mizar_Z7020_2018.3\Part4_Linux_Demo\10_petalinux_hdmi_wifi\petalinux_hdmi\petalinux_hdmi.srcs\sources_1\bd\hdmi_out\hdmi_out.bd> 
reset_run synth_1
reset_run hdmi_out_processing_system7_0_0_synth_1
launch_runs impl_1 -to_step write_bitstream -jobs 6
WARNING: [BD 41-1284] Cannot set parameter SUGGESTED_PRIORITY on port /processing_system7_0/IRQ_F2P
WARNING: [BD 41-1284] Cannot set parameter SUGGESTED_PRIORITY on port /processing_system7_0/IRQ_F2P
WARNING: [BD 41-1284] Cannot set parameter SUGGESTED_PRIORITY on port /processing_system7_0/IRQ_F2P
WARNING: [BD 41-1284] Cannot set parameter SUGGESTED_PRIORITY on port /processing_system7_0/IRQ_F2P
WARNING: [BD 41-1284] Cannot set parameter SUGGESTED_PRIORITY on port /processing_system7_0/IRQ_F2P
WARNING: [BD 41-1284] Cannot set parameter SUGGESTED_PRIORITY on port /processing_system7_0/IRQ_F2P
WARNING: [BD 41-1284] Cannot set parameter SUGGESTED_PRIORITY on port /processing_system7_0/IRQ_F2P
WARNING: [BD 41-1284] Cannot set parameter SUGGESTED_PRIORITY on port /processing_system7_0/IRQ_F2P
WARNING: [BD 41-1284] Cannot set parameter SUGGESTED_PRIORITY on port /processing_system7_0/IRQ_F2P
WARNING: [BD 41-1284] Cannot set parameter SUGGESTED_PRIORITY on port /processing_system7_0/IRQ_F2P
WARNING: [BD 41-1284] Cannot set parameter SUGGESTED_PRIORITY on port /processing_system7_0/IRQ_F2P
WARNING: [BD 41-1284] Cannot set parameter SUGGESTED_PRIORITY on port /processing_system7_0/IRQ_F2P
WARNING: [BD 41-1284] Cannot set parameter SUGGESTED_PRIORITY on port /processing_system7_0/IRQ_F2P
WARNING: [BD 41-1284] Cannot set parameter SUGGESTED_PRIORITY on port /processing_system7_0/IRQ_F2P
WARNING: [BD 41-1284] Cannot set parameter SUGGESTED_PRIORITY on port /processing_system7_0/IRQ_F2P
WARNING: [BD 41-1284] Cannot set parameter SUGGESTED_PRIORITY on port /processing_system7_0/IRQ_F2P
xit::source_ipfile: Time (s): cpu = 00:00:01 ; elapsed = 00:00:06 . Memory (MB): peak = 1818.906 ; gain = 0.000
WARNING: [BD 41-1284] Cannot set parameter SUGGESTED_PRIORITY on port /processing_system7_0/IRQ_F2P
WARNING: [BD 41-1284] Cannot set parameter SUGGESTED_PRIORITY on port /processing_system7_0/IRQ_F2P
WARNING: [BD 41-1284] Cannot set parameter SUGGESTED_PRIORITY on port /processing_system7_0/IRQ_F2P
WARNING: [BD 41-1284] Cannot set parameter SUGGESTED_PRIORITY on port /processing_system7_0/IRQ_F2P
WARNING: [BD 41-1284] Cannot set parameter SUGGESTED_PRIORITY on port /processing_system7_0/IRQ_F2P
WARNING: [BD 41-1284] Cannot set parameter SUGGESTED_PRIORITY on port /processing_system7_0/IRQ_F2P
INFO: [xilinx.com:ip:axi_vdma:6.3-16] /axi_vdma_0 
                    All clocks connected to AXI VDMA are not identical, therefore configuring AXI-VDMA in ASYNC mode.
INFO: [xilinx.com:ip:axi_vdma:6.3-16] /axi_vdma_0 
                    All clocks connected to AXI VDMA are not identical, therefore configuring AXI-VDMA in ASYNC mode.
CRITICAL WARNING: [BD 41-49] Could not find abstraction definition for the interface: TMDS 
CRITICAL WARNING: [BD 41-49] Could not find abstraction definition for the interface: TMDS 
CRITICAL WARNING: [BD 41-49] Could not find abstraction definition for the interface: TMDS 
CRITICAL WARNING: [BD 41-49] Could not find abstraction definition for the interface: TMDS 
Wrote  : <D:\Mizar_Z7020_2018.3\Part4_Linux_Demo\10_petalinux_hdmi_wifi\petalinux_hdmi\petalinux_hdmi.srcs\sources_1\bd\hdmi_out\hdmi_out.bd> 
VHDL Output written to : D:/Mizar_Z7020_2018.3/Part4_Linux_Demo/10_petalinux_hdmi_wifi/petalinux_hdmi/petalinux_hdmi.srcs/sources_1/bd/hdmi_out/synth/hdmi_out.v
VHDL Output written to : D:/Mizar_Z7020_2018.3/Part4_Linux_Demo/10_petalinux_hdmi_wifi/petalinux_hdmi/petalinux_hdmi.srcs/sources_1/bd/hdmi_out/sim/hdmi_out.v
VHDL Output written to : D:/Mizar_Z7020_2018.3/Part4_Linux_Demo/10_petalinux_hdmi_wifi/petalinux_hdmi/petalinux_hdmi.srcs/sources_1/bd/hdmi_out/hdl/hdmi_out_wrapper.v
INFO: [BD 41-1029] Generation completed for the IP Integrator block processing_system7_0 .
INFO: [BD 41-1029] Generation completed for the IP Integrator block axi_vdma_0 .
Exporting to file d:/Mizar_Z7020_2018.3/Part4_Linux_Demo/10_petalinux_hdmi_wifi/petalinux_hdmi/petalinux_hdmi.srcs/sources_1/bd/hdmi_out/ip/hdmi_out_axi_smc_0/bd_0/hw_handoff/hdmi_out_axi_smc_0.hwh
Generated Block Design Tcl file d:/Mizar_Z7020_2018.3/Part4_Linux_Demo/10_petalinux_hdmi_wifi/petalinux_hdmi/petalinux_hdmi.srcs/sources_1/bd/hdmi_out/ip/hdmi_out_axi_smc_0/bd_0/hw_handoff/hdmi_out_axi_smc_0_bd.tcl
Generated Hardware Definition File d:/Mizar_Z7020_2018.3/Part4_Linux_Demo/10_petalinux_hdmi_wifi/petalinux_hdmi/petalinux_hdmi.srcs/sources_1/bd/hdmi_out/ip/hdmi_out_axi_smc_0/bd_0/synth/hdmi_out_axi_smc_0.hwdef
INFO: [BD 41-1029] Generation completed for the IP Integrator block axi_smc .
INFO: [BD 41-1029] Generation completed for the IP Integrator block rst_ps7_0_140M .
INFO: [BD 41-1029] Generation completed for the IP Integrator block ps7_0_axi_periph/xbar .
INFO: [BD 41-1029] Generation completed for the IP Integrator block rst_ps7_0_100M .
INFO: [BD 41-1029] Generation completed for the IP Integrator block v_axi4s_vid_out_0 .
INFO: [BD 41-1029] Generation completed for the IP Integrator block v_tc_0 .
INFO: [BD 41-1982] Skipping generation for the cell axi_dynclk_0, which is locked by user.
INFO: [BD 41-1029] Generation completed for the IP Integrator block xlconstant_1 .
INFO: [BD 41-1029] Generation completed for the IP Integrator block xlconcat_0 .
WARNING: [IP_Flow 19-4994] Overwriting existing constraint file 'd:/Mizar_Z7020_2018.3/Part4_Linux_Demo/10_petalinux_hdmi_wifi/petalinux_hdmi/petalinux_hdmi.srcs/sources_1/bd/hdmi_out/ip/hdmi_out_auto_pc_0/hdmi_out_auto_pc_0_ooc.xdc'
INFO: [BD 41-1029] Generation completed for the IP Integrator block ps7_0_axi_periph/s00_couplers/auto_pc .
Exporting to file D:/Mizar_Z7020_2018.3/Part4_Linux_Demo/10_petalinux_hdmi_wifi/petalinux_hdmi/petalinux_hdmi.srcs/sources_1/bd/hdmi_out/hw_handoff/hdmi_out.hwh
Generated Block Design Tcl file D:/Mizar_Z7020_2018.3/Part4_Linux_Demo/10_petalinux_hdmi_wifi/petalinux_hdmi/petalinux_hdmi.srcs/sources_1/bd/hdmi_out/hw_handoff/hdmi_out_bd.tcl
Generated Hardware Definition File D:/Mizar_Z7020_2018.3/Part4_Linux_Demo/10_petalinux_hdmi_wifi/petalinux_hdmi/petalinux_hdmi.srcs/sources_1/bd/hdmi_out/synth/hdmi_out.hwdef
INFO: [IP_Flow 19-4993] Using cached IP synthesis design for IP hdmi_out_auto_pc_0, cache-ID = aa7367fc6e3ee86d; cache size = 20.332 MB.
INFO: [IP_Flow 19-4993] Using cached IP synthesis design for IP hdmi_out_processing_system7_0_0, cache-ID = bed832cee05be201; cache size = 20.332 MB.
[Sat May 21 11:31:46 2022] Launched synth_1...
Run output will be captured here: D:/Mizar_Z7020_2018.3/Part4_Linux_Demo/10_petalinux_hdmi_wifi/petalinux_hdmi/petalinux_hdmi.runs/synth_1/runme.log
[Sat May 21 11:31:46 2022] Launched impl_1...
Run output will be captured here: D:/Mizar_Z7020_2018.3/Part4_Linux_Demo/10_petalinux_hdmi_wifi/petalinux_hdmi/petalinux_hdmi.runs/impl_1/runme.log
launch_runs: Time (s): cpu = 00:00:41 ; elapsed = 00:00:57 . Memory (MB): peak = 1818.906 ; gain = 0.000
report_ip_status -name ip_status 
open_run impl_1
INFO: [Netlist 29-17] Analyzing 329 Unisim elements for replacement
INFO: [Netlist 29-28] Unisim Transformation completed in 0 CPU seconds
INFO: [Project 1-479] Netlist was created with Vivado 2018.3
INFO: [Device 21-403] Loading part xc7z020clg400-2
INFO: [Project 1-570] Preparing netlist for logic optimization
INFO: [Timing 38-478] Restoring timing data from binary archive.
INFO: [Timing 38-479] Binary timing data restore complete.
INFO: [Project 1-856] Restoring constraints from binary archive.
INFO: [Project 1-853] Binary constraint restore complete.
Reading XDEF placement.
Reading placer database...
Reading XDEF routing.
Read XDEF File: Time (s): cpu = 00:00:01 ; elapsed = 00:00:01 . Memory (MB): peak = 2274.004 ; gain = 0.000
Restored from archive | CPU: 1.000000 secs | Memory: 0.000000 MB |
Finished XDEF File Restore: Time (s): cpu = 00:00:01 ; elapsed = 00:00:01 . Memory (MB): peak = 2274.004 ; gain = 0.000
Netlist sorting complete. Time (s): cpu = 00:00:00 ; elapsed = 00:00:00.005 . Memory (MB): peak = 2274.004 ; gain = 0.000
INFO: [Project 1-111] Unisim Transformation Summary:
  A total of 25 instances were transformed.
  RAM32M => RAM32M (RAMD32, RAMD32, RAMD32, RAMD32, RAMD32, RAMD32, RAMS32, RAMS32): 25 instances

WARNING: [Designutils 20-3303] unexpected site type 'IOPAD' in HDPYFinalizeIO
WARNING: [Designutils 20-3303] unexpected site type 'IOPAD' in HDPYFinalizeIO
WARNING: [Designutils 20-3303] unexpected site type 'IOPAD' in HDPYFinalizeIO
WARNING: [Designutils 20-3303] unexpected site type 'IOPAD' in HDPYFinalizeIO
WARNING: [Designutils 20-3303] unexpected site type 'IOPAD' in HDPYFinalizeIO
WARNING: [Designutils 20-3303] unexpected site type 'IOPAD' in HDPYFinalizeIO
WARNING: [Designutils 20-3303] unexpected site type 'IOPAD' in HDPYFinalizeIO
WARNING: [Designutils 20-3303] unexpected site type 'IOPAD' in HDPYFinalizeIO
WARNING: [Designutils 20-3303] unexpected site type 'IOPAD' in HDPYFinalizeIO
WARNING: [Designutils 20-3303] unexpected site type 'IOPAD' in HDPYFinalizeIO
WARNING: [Designutils 20-3303] unexpected site type 'IOPAD' in HDPYFinalizeIO
WARNING: [Designutils 20-3303] unexpected site type 'IOPAD' in HDPYFinalizeIO
WARNING: [Designutils 20-3303] unexpected site type 'IOPAD' in HDPYFinalizeIO
WARNING: [Designutils 20-3303] unexpected site type 'IOPAD' in HDPYFinalizeIO
WARNING: [Designutils 20-3303] unexpected site type 'IOPAD' in HDPYFinalizeIO
WARNING: [Designutils 20-3303] unexpected site type 'IOPAD' in HDPYFinalizeIO
WARNING: [Designutils 20-3303] unexpected site type 'IOPAD' in HDPYFinalizeIO
WARNING: [Designutils 20-3303] unexpected site type 'IOPAD' in HDPYFinalizeIO
WARNING: [Designutils 20-3303] unexpected site type 'IOPAD' in HDPYFinalizeIO
WARNING: [Designutils 20-3303] unexpected site type 'IOPAD' in HDPYFinalizeIO
WARNING: [Designutils 20-3303] unexpected site type 'IOPAD' in HDPYFinalizeIO
WARNING: [Designutils 20-3303] unexpected site type 'IOPAD' in HDPYFinalizeIO
WARNING: [Designutils 20-3303] unexpected site type 'IOPAD' in HDPYFinalizeIO
WARNING: [Designutils 20-3303] unexpected site type 'IOPAD' in HDPYFinalizeIO
WARNING: [Designutils 20-3303] unexpected site type 'IOPAD' in HDPYFinalizeIO
WARNING: [Designutils 20-3303] unexpected site type 'IOPAD' in HDPYFinalizeIO
WARNING: [Designutils 20-3303] unexpected site type 'IOPAD' in HDPYFinalizeIO
WARNING: [Designutils 20-3303] unexpected site type 'IOPAD' in HDPYFinalizeIO
WARNING: [Designutils 20-3303] unexpected site type 'IOPAD' in HDPYFinalizeIO
WARNING: [Designutils 20-3303] unexpected site type 'IOPAD' in HDPYFinalizeIO
WARNING: [Designutils 20-3303] unexpected site type 'IOPAD' in HDPYFinalizeIO
WARNING: [Designutils 20-3303] unexpected site type 'IOPAD' in HDPYFinalizeIO
WARNING: [Designutils 20-3303] unexpected site type 'IOPAD' in HDPYFinalizeIO
WARNING: [Designutils 20-3303] unexpected site type 'IOPAD' in HDPYFinalizeIO
WARNING: [Designutils 20-3303] unexpected site type 'IOPAD' in HDPYFinalizeIO
WARNING: [Designutils 20-3303] unexpected site type 'IOPAD' in HDPYFinalizeIO
WARNING: [Designutils 20-3303] unexpected site type 'IOPAD' in HDPYFinalizeIO
WARNING: [Designutils 20-3303] unexpected site type 'IOPAD' in HDPYFinalizeIO
WARNING: [Designutils 20-3303] unexpected site type 'IOPAD' in HDPYFinalizeIO
WARNING: [Designutils 20-3303] unexpected site type 'IOPAD' in HDPYFinalizeIO
WARNING: [Designutils 20-3303] unexpected site type 'IOPAD' in HDPYFinalizeIO
WARNING: [Designutils 20-3303] unexpected site type 'IOPAD' in HDPYFinalizeIO
WARNING: [Designutils 20-3303] unexpected site type 'IOPAD' in HDPYFinalizeIO
WARNING: [Designutils 20-3303] unexpected site type 'IOPAD' in HDPYFinalizeIO
WARNING: [Designutils 20-3303] unexpected site type 'IOPAD' in HDPYFinalizeIO
WARNING: [Designutils 20-3303] unexpected site type 'IOPAD' in HDPYFinalizeIO
WARNING: [Designutils 20-3303] unexpected site type 'IOPAD' in HDPYFinalizeIO
WARNING: [Designutils 20-3303] unexpected site type 'IOPAD' in HDPYFinalizeIO
WARNING: [Designutils 20-3303] unexpected site type 'IOPAD' in HDPYFinalizeIO
WARNING: [Designutils 20-3303] unexpected site type 'IOPAD' in HDPYFinalizeIO
WARNING: [Designutils 20-3303] unexpected site type 'IOPAD' in HDPYFinalizeIO
WARNING: [Designutils 20-3303] unexpected site type 'IOPAD' in HDPYFinalizeIO
WARNING: [Designutils 20-3303] unexpected site type 'IOPAD' in HDPYFinalizeIO
WARNING: [Designutils 20-3303] unexpected site type 'IOPAD' in HDPYFinalizeIO
WARNING: [Designutils 20-3303] unexpected site type 'IOPAD' in HDPYFinalizeIO
WARNING: [Designutils 20-3303] unexpected site type 'IOPAD' in HDPYFinalizeIO
WARNING: [Designutils 20-3303] unexpected site type 'IOPAD' in HDPYFinalizeIO
WARNING: [Designutils 20-3303] unexpected site type 'IOPAD' in HDPYFinalizeIO
WARNING: [Designutils 20-3303] unexpected site type 'IOPAD' in HDPYFinalizeIO
WARNING: [Designutils 20-3303] unexpected site type 'IOPAD' in HDPYFinalizeIO
WARNING: [Designutils 20-3303] unexpected site type 'IOPAD' in HDPYFinalizeIO
WARNING: [Designutils 20-3303] unexpected site type 'IOPAD' in HDPYFinalizeIO
WARNING: [Designutils 20-3303] unexpected site type 'IOPAD' in HDPYFinalizeIO
WARNING: [Designutils 20-3303] unexpected site type 'IOPAD' in HDPYFinalizeIO
WARNING: [Designutils 20-3303] unexpected site type 'IOPAD' in HDPYFinalizeIO
WARNING: [Designutils 20-3303] unexpected site type 'IOPAD' in HDPYFinalizeIO
WARNING: [Designutils 20-3303] unexpected site type 'IOPAD' in HDPYFinalizeIO
WARNING: [Designutils 20-3303] unexpected site type 'IOPAD' in HDPYFinalizeIO
WARNING: [Designutils 20-3303] unexpected site type 'IOPAD' in HDPYFinalizeIO
WARNING: [Designutils 20-3303] unexpected site type 'IOPAD' in HDPYFinalizeIO
WARNING: [Designutils 20-3303] unexpected site type 'IOPAD' in HDPYFinalizeIO
WARNING: [Designutils 20-3303] unexpected site type 'IOPAD' in HDPYFinalizeIO
WARNING: [Designutils 20-3303] unexpected site type 'IOPAD' in HDPYFinalizeIO
WARNING: [Designutils 20-3303] unexpected site type 'IOPAD' in HDPYFinalizeIO
WARNING: [Designutils 20-3303] unexpected site type 'IOPAD' in HDPYFinalizeIO
WARNING: [Designutils 20-3303] unexpected site type 'IOPAD' in HDPYFinalizeIO
WARNING: [Designutils 20-3303] unexpected site type 'IOPAD' in HDPYFinalizeIO
WARNING: [Designutils 20-3303] unexpected site type 'IOPAD' in HDPYFinalizeIO
WARNING: [Designutils 20-3303] unexpected site type 'IOPAD' in HDPYFinalizeIO
WARNING: [Designutils 20-3303] unexpected site type 'IOPAD' in HDPYFinalizeIO
WARNING: [Designutils 20-3303] unexpected site type 'IOPAD' in HDPYFinalizeIO
WARNING: [Designutils 20-3303] unexpected site type 'IOPAD' in HDPYFinalizeIO
WARNING: [Designutils 20-3303] unexpected site type 'IOPAD' in HDPYFinalizeIO
WARNING: [Designutils 20-3303] unexpected site type 'IOPAD' in HDPYFinalizeIO
WARNING: [Designutils 20-3303] unexpected site type 'IOPAD' in HDPYFinalizeIO
WARNING: [Designutils 20-3303] unexpected site type 'IOPAD' in HDPYFinalizeIO
WARNING: [Designutils 20-3303] unexpected site type 'IOPAD' in HDPYFinalizeIO
WARNING: [Designutils 20-3303] unexpected site type 'IOPAD' in HDPYFinalizeIO
WARNING: [Designutils 20-3303] unexpected site type 'IOPAD' in HDPYFinalizeIO
WARNING: [Designutils 20-3303] unexpected site type 'IOPAD' in HDPYFinalizeIO
WARNING: [Designutils 20-3303] unexpected site type 'IOPAD' in HDPYFinalizeIO
WARNING: [Designutils 20-3303] unexpected site type 'IOPAD' in HDPYFinalizeIO
WARNING: [Designutils 20-3303] unexpected site type 'IOPAD' in HDPYFinalizeIO
WARNING: [Designutils 20-3303] unexpected site type 'IOPAD' in HDPYFinalizeIO
WARNING: [Designutils 20-3303] unexpected site type 'IOPAD' in HDPYFinalizeIO
WARNING: [Designutils 20-3303] unexpected site type 'IOPAD' in HDPYFinalizeIO
WARNING: [Designutils 20-3303] unexpected site type 'IOPAD' in HDPYFinalizeIO
WARNING: [Designutils 20-3303] unexpected site type 'IOPAD' in HDPYFinalizeIO
WARNING: [Designutils 20-3303] unexpected site type 'IOPAD' in HDPYFinalizeIO
WARNING: [Designutils 20-3303] unexpected site type 'IOPAD' in HDPYFinalizeIO
INFO: [Common 17-14] Message 'Designutils 20-3303' appears 100 times and further instances of the messages will be disabled. Use the Tcl command set_msg_config to change the current settings.
open_run: Time (s): cpu = 00:00:35 ; elapsed = 00:00:26 . Memory (MB): peak = 2428.062 ; gain = 609.156
WARNING: [Timing 38-436] There are set_bus_skew constraint(s) in this design. Please run report_bus_skew to ensure that bus skew requirements are met.
INFO: [Vivado 12-4158] Exported Hardware file is out of date. Exported hardware information may be inconsistent with respect to the current state of the design. It is recommended that you re-export the design and launch SDK otherwise SDK is launched with out of date hardware system file.
launch_sdk -workspace D:/Mizar_Z7020_2018.3/Part4_Linux_Demo/10_petalinux_hdmi_wifi/petalinux_hdmi/petalinux_hdmi.sdk -hwspec D:/Mizar_Z7020_2018.3/Part4_Linux_Demo/10_petalinux_hdmi_wifi/petalinux_hdmi/petalinux_hdmi.sdk/hdmi_out_wrapper.hdf
INFO: [Vivado 12-393] Launching SDK...
INFO: [Vivado 12-417] Running xsdk -workspace D:/Mizar_Z7020_2018.3/Part4_Linux_Demo/10_petalinux_hdmi_wifi/petalinux_hdmi/petalinux_hdmi.sdk -hwspec D:/Mizar_Z7020_2018.3/Part4_Linux_Demo/10_petalinux_hdmi_wifi/petalinux_hdmi/petalinux_hdmi.sdk/hdmi_out_wrapper.hdf
INFO: [Vivado 12-3157] SDK launch initiated. Please check console for any further messages.
open_bd_design {D:/Mizar_Z7020_2018.3/Part4_Linux_Demo/10_petalinux_hdmi_wifi/petalinux_hdmi/petalinux_hdmi.srcs/sources_1/bd/hdmi_out/hdmi_out.bd}
WARNING: [IP_Flow 19-474] Invalid Parameter 'Component_Name'
startgroup
set_property -dict [list CONFIG.PCW_SD1_PERIPHERAL_ENABLE {1} CONFIG.PCW_SD1_SD1_IO {MIO 10 .. 15}] [get_bd_cells processing_system7_0]
endgroup
generate_target all [get_files  D:/Mizar_Z7020_2018.3/Part4_Linux_Demo/10_petalinux_hdmi_wifi/petalinux_hdmi/petalinux_hdmi.srcs/sources_1/bd/hdmi_out/hdmi_out.bd]
INFO: [BD 41-1029] Generation completed for the IP Integrator block processing_system7_0 .
INFO: [BD 41-1029] Generation completed for the IP Integrator block axi_vdma_0 .
Exporting to file d:/Mizar_Z7020_2018.3/Part4_Linux_Demo/10_petalinux_hdmi_wifi/petalinux_hdmi/petalinux_hdmi.srcs/sources_1/bd/hdmi_out/ip/hdmi_out_axi_smc_0/bd_0/hw_handoff/hdmi_out_axi_smc_0.hwh
Generated Block Design Tcl file d:/Mizar_Z7020_2018.3/Part4_Linux_Demo/10_petalinux_hdmi_wifi/petalinux_hdmi/petalinux_hdmi.srcs/sources_1/bd/hdmi_out/ip/hdmi_out_axi_smc_0/bd_0/hw_handoff/hdmi_out_axi_smc_0_bd.tcl
Generated Hardware Definition File d:/Mizar_Z7020_2018.3/Part4_Linux_Demo/10_petalinux_hdmi_wifi/petalinux_hdmi/petalinux_hdmi.srcs/sources_1/bd/hdmi_out/ip/hdmi_out_axi_smc_0/bd_0/synth/hdmi_out_axi_smc_0.hwdef
INFO: [BD 41-1029] Generation completed for the IP Integrator block axi_smc .
INFO: [BD 41-1029] Generation completed for the IP Integrator block rst_ps7_0_140M .
INFO: [BD 41-1029] Generation completed for the IP Integrator block ps7_0_axi_periph/xbar .
INFO: [BD 41-1029] Generation completed for the IP Integrator block rst_ps7_0_100M .
INFO: [BD 41-1029] Generation completed for the IP Integrator block v_axi4s_vid_out_0 .
INFO: [BD 41-1029] Generation completed for the IP Integrator block v_tc_0 .
INFO: [BD 41-1982] Skipping generation for the cell axi_dynclk_0, which is locked by user.
INFO: [BD 41-1029] Generation completed for the IP Integrator block xlconstant_1 .
INFO: [BD 41-1029] Generation completed for the IP Integrator block xlconcat_0 .
INFO: [BD 41-1029] Generation completed for the IP Integrator block ps7_0_axi_periph/s00_couplers/auto_pc .
Exporting to file D:/Mizar_Z7020_2018.3/Part4_Linux_Demo/10_petalinux_hdmi_wifi/petalinux_hdmi/petalinux_hdmi.srcs/sources_1/bd/hdmi_out/hw_handoff/hdmi_out.hwh
Generated Block Design Tcl file D:/Mizar_Z7020_2018.3/Part4_Linux_Demo/10_petalinux_hdmi_wifi/petalinux_hdmi/petalinux_hdmi.srcs/sources_1/bd/hdmi_out/hw_handoff/hdmi_out_bd.tcl
Generated Hardware Definition File D:/Mizar_Z7020_2018.3/Part4_Linux_Demo/10_petalinux_hdmi_wifi/petalinux_hdmi/petalinux_hdmi.srcs/sources_1/bd/hdmi_out/synth/hdmi_out.hwdef
export_ip_user_files -of_objects [get_files D:/Mizar_Z7020_2018.3/Part4_Linux_Demo/10_petalinux_hdmi_wifi/petalinux_hdmi/petalinux_hdmi.srcs/sources_1/bd/hdmi_out/hdmi_out.bd] -no_script -sync -force -quiet
create_ip_run [get_files -of_objects [get_fileset sources_1] D:/Mizar_Z7020_2018.3/Part4_Linux_Demo/10_petalinux_hdmi_wifi/petalinux_hdmi/petalinux_hdmi.srcs/sources_1/bd/hdmi_out/hdmi_out.bd]
export_simulation -of_objects [get_files D:/Mizar_Z7020_2018.3/Part4_Linux_Demo/10_petalinux_hdmi_wifi/petalinux_hdmi/petalinux_hdmi.srcs/sources_1/bd/hdmi_out/hdmi_out.bd] -directory D:/Mizar_Z7020_2018.3/Part4_Linux_Demo/10_petalinux_hdmi_wifi/petalinux_hdmi/petalinux_hdmi.ip_user_files/sim_scripts -ip_user_files_dir D:/Mizar_Z7020_2018.3/Part4_Linux_Demo/10_petalinux_hdmi_wifi/petalinux_hdmi/petalinux_hdmi.ip_user_files -ipstatic_source_dir D:/Mizar_Z7020_2018.3/Part4_Linux_Demo/10_petalinux_hdmi_wifi/petalinux_hdmi/petalinux_hdmi.ip_user_files/ipstatic -lib_map_path [list {modelsim=D:/Mizar_Z7020_2018.3/Part4_Linux_Demo/10_petalinux_hdmi_wifi/petalinux_hdmi/petalinux_hdmi.cache/compile_simlib/modelsim} {questa=D:/Mizar_Z7020_2018.3/Part4_Linux_Demo/10_petalinux_hdmi_wifi/petalinux_hdmi/petalinux_hdmi.cache/compile_simlib/questa} {riviera=D:/Mizar_Z7020_2018.3/Part4_Linux_Demo/10_petalinux_hdmi_wifi/petalinux_hdmi/petalinux_hdmi.cache/compile_simlib/riviera} {activehdl=D:/Mizar_Z7020_2018.3/Part4_Linux_Demo/10_petalinux_hdmi_wifi/petalinux_hdmi/petalinux_hdmi.cache/compile_simlib/activehdl}] -use_ip_compiled_libs -force -quiet
generate_target all [get_files  D:/Mizar_Z7020_2018.3/Part4_Linux_Demo/10_petalinux_hdmi_wifi/petalinux_hdmi/petalinux_hdmi.srcs/sources_1/bd/hdmi_out/hdmi_out.bd]
INFO: [BD 41-1637] Generated targets are already up-to-date for bd-design 'hdmi_out' - hence not re-generating.
export_ip_user_files -of_objects [get_files D:/Mizar_Z7020_2018.3/Part4_Linux_Demo/10_petalinux_hdmi_wifi/petalinux_hdmi/petalinux_hdmi.srcs/sources_1/bd/hdmi_out/hdmi_out.bd] -no_script -sync -force -quiet
create_ip_run [get_files -of_objects [get_fileset sources_1] D:/Mizar_Z7020_2018.3/Part4_Linux_Demo/10_petalinux_hdmi_wifi/petalinux_hdmi/petalinux_hdmi.srcs/sources_1/bd/hdmi_out/hdmi_out.bd]
export_simulation -of_objects [get_files D:/Mizar_Z7020_2018.3/Part4_Linux_Demo/10_petalinux_hdmi_wifi/petalinux_hdmi/petalinux_hdmi.srcs/sources_1/bd/hdmi_out/hdmi_out.bd] -directory D:/Mizar_Z7020_2018.3/Part4_Linux_Demo/10_petalinux_hdmi_wifi/petalinux_hdmi/petalinux_hdmi.ip_user_files/sim_scripts -ip_user_files_dir D:/Mizar_Z7020_2018.3/Part4_Linux_Demo/10_petalinux_hdmi_wifi/petalinux_hdmi/petalinux_hdmi.ip_user_files -ipstatic_source_dir D:/Mizar_Z7020_2018.3/Part4_Linux_Demo/10_petalinux_hdmi_wifi/petalinux_hdmi/petalinux_hdmi.ip_user_files/ipstatic -lib_map_path [list {modelsim=D:/Mizar_Z7020_2018.3/Part4_Linux_Demo/10_petalinux_hdmi_wifi/petalinux_hdmi/petalinux_hdmi.cache/compile_simlib/modelsim} {questa=D:/Mizar_Z7020_2018.3/Part4_Linux_Demo/10_petalinux_hdmi_wifi/petalinux_hdmi/petalinux_hdmi.cache/compile_simlib/questa} {riviera=D:/Mizar_Z7020_2018.3/Part4_Linux_Demo/10_petalinux_hdmi_wifi/petalinux_hdmi/petalinux_hdmi.cache/compile_simlib/riviera} {activehdl=D:/Mizar_Z7020_2018.3/Part4_Linux_Demo/10_petalinux_hdmi_wifi/petalinux_hdmi/petalinux_hdmi.cache/compile_simlib/activehdl}] -use_ip_compiled_libs -force -quiet
save_bd_design
Wrote  : <D:\Mizar_Z7020_2018.3\Part4_Linux_Demo\10_petalinux_hdmi_wifi\petalinux_hdmi\petalinux_hdmi.srcs\sources_1\bd\hdmi_out\hdmi_out.bd> 
reset_run impl_1 -prev_step 
launch_runs impl_1 -to_step write_bitstream -jobs 6
[Sat May 21 11:42:05 2022] Launched impl_1...
Run output will be captured here: D:/Mizar_Z7020_2018.3/Part4_Linux_Demo/10_petalinux_hdmi_wifi/petalinux_hdmi/petalinux_hdmi.runs/impl_1/runme.log
open_hw
INFO: [Vivado 12-4158] Exported Hardware file is out of date. Exported hardware information may be inconsistent with respect to the current state of the design. It is recommended that you re-export the design and launch SDK otherwise SDK is launched with out of date hardware system file.
launch_sdk -workspace D:/Mizar_Z7020_2018.3/Part4_Linux_Demo/10_petalinux_hdmi_wifi/petalinux_hdmi/petalinux_hdmi.sdk -hwspec D:/Mizar_Z7020_2018.3/Part4_Linux_Demo/10_petalinux_hdmi_wifi/petalinux_hdmi/petalinux_hdmi.sdk/hdmi_out_wrapper.hdf
INFO: [Vivado 12-393] Launching SDK...
INFO: [Vivado 12-417] Running xsdk -workspace D:/Mizar_Z7020_2018.3/Part4_Linux_Demo/10_petalinux_hdmi_wifi/petalinux_hdmi/petalinux_hdmi.sdk -hwspec D:/Mizar_Z7020_2018.3/Part4_Linux_Demo/10_petalinux_hdmi_wifi/petalinux_hdmi/petalinux_hdmi.sdk/hdmi_out_wrapper.hdf
INFO: [Vivado 12-3157] SDK launch initiated. Please check console for any further messages.
INFO: [Vivado 12-4158] Exported Hardware file is out of date. Exported hardware information may be inconsistent with respect to the current state of the design. It is recommended that you re-export the design and launch SDK otherwise SDK is launched with out of date hardware system file.
launch_sdk -workspace D:/Mizar_Z7020_2018.3/Part4_Linux_Demo/10_petalinux_hdmi_wifi/petalinux_hdmi/petalinux_hdmi.sdk -hwspec D:/Mizar_Z7020_2018.3/Part4_Linux_Demo/10_petalinux_hdmi_wifi/petalinux_hdmi/petalinux_hdmi.sdk/hdmi_out_wrapper.hdf
INFO: [Vivado 12-393] Launching SDK...
INFO: [Vivado 12-417] Running xsdk -workspace D:/Mizar_Z7020_2018.3/Part4_Linux_Demo/10_petalinux_hdmi_wifi/petalinux_hdmi/petalinux_hdmi.sdk -hwspec D:/Mizar_Z7020_2018.3/Part4_Linux_Demo/10_petalinux_hdmi_wifi/petalinux_hdmi/petalinux_hdmi.sdk/hdmi_out_wrapper.hdf
INFO: [Vivado 12-3157] SDK launch initiated. Please check console for any further messages.
INFO: [Vivado 12-4158] Exported Hardware file is out of date. Exported hardware information may be inconsistent with respect to the current state of the design. It is recommended that you re-export the design and launch SDK otherwise SDK is launched with out of date hardware system file.
launch_sdk -workspace D:/Mizar_Z7020_2018.3/Part4_Linux_Demo/10_petalinux_hdmi_wifi/petalinux_hdmi/petalinux_hdmi.sdk -hwspec D:/Mizar_Z7020_2018.3/Part4_Linux_Demo/10_petalinux_hdmi_wifi/petalinux_hdmi/petalinux_hdmi.sdk/hdmi_out_wrapper.hdf
INFO: [Vivado 12-393] Launching SDK...
INFO: [Vivado 12-417] Running xsdk -workspace D:/Mizar_Z7020_2018.3/Part4_Linux_Demo/10_petalinux_hdmi_wifi/petalinux_hdmi/petalinux_hdmi.sdk -hwspec D:/Mizar_Z7020_2018.3/Part4_Linux_Demo/10_petalinux_hdmi_wifi/petalinux_hdmi/petalinux_hdmi.sdk/hdmi_out_wrapper.hdf
INFO: [Vivado 12-3157] SDK launch initiated. Please check console for any further messages.
write_hwdef -force  -file D:/Mizar_Z7020_2018.3/Part4_Linux_Demo/10_petalinux_hdmi_wifi/petalinux_hdmi/petalinux_hdmi.sdk/hdmi_out_wrapper.hdf
