15:58:26 INFO  : Registering command handlers for SDK TCF services
15:58:28 INFO  : Launching XSCT server: xsct.bat -interactive D:\ZYNQ_Mizar-7020\06_Linux_Demo\6_petalinux_hdmi\petalinux_hdmi\petalinux_hdmi.sdk\temp_xsdb_launch_script.tcl
15:58:32 INFO  : XSCT server has started successfully.
15:58:39 INFO  : Successfully done setting XSCT server connection channel  
15:58:39 INFO  : Successfully done setting SDK workspace  
15:58:39 INFO  : Processing command line option -hwspec D:/ZYNQ_Mizar-7020/06_Linux_Demo/6_petalinux_hdmi/petalinux_hdmi/petalinux_hdmi.sdk/hdmi_out_wrapper.hdf.
22:25:38 INFO  : Launching XSCT server: xsct.bat -interactive D:\Mizar_Z7020_2018.3\Part4_Linux_Demo\6_petalinux_hdmi\petalinux_hdmi\petalinux_hdmi.sdk\temp_xsdb_launch_script.tcl
22:25:42 INFO  : XSCT server has started successfully.
22:25:42 INFO  : Successfully done setting XSCT server connection channel  
22:25:51 INFO  : Successfully done setting SDK workspace  
22:25:54 INFO  : Registering command handlers for SDK TCF services
22:25:55 INFO  : Processing command line option -hwspec D:/Mizar_Z7020_2018.3/Part4_Linux_Demo/6_petalinux_hdmi/petalinux_hdmi/petalinux_hdmi.sdk/hdmi_out_wrapper.hdf.
11:36:09 INFO  : Launching XSCT server: xsct.bat -interactive D:\Mizar_Z7020_2018.3\Part4_Linux_Demo\10_petalinux_hdmi_wifi\petalinux_hdmi\petalinux_hdmi.sdk\temp_xsdb_launch_script.tcl
11:36:13 INFO  : XSCT server has started successfully.
11:36:13 INFO  : Successfully done setting XSCT server connection channel  
11:36:21 INFO  : Successfully done setting SDK workspace  
11:36:23 INFO  : Registering command handlers for SDK TCF services
11:36:24 INFO  : Processing command line option -hwspec D:/Mizar_Z7020_2018.3/Part4_Linux_Demo/10_petalinux_hdmi_wifi/petalinux_hdmi/petalinux_hdmi.sdk/hdmi_out_wrapper.hdf.
11:44:52 INFO  : Launching XSCT server: xsct.bat -interactive D:\Mizar_Z7020_2018.3\Part4_Linux_Demo\10_petalinux_hdmi_wifi\petalinux_hdmi\petalinux_hdmi.sdk\temp_xsdb_launch_script.tcl
11:44:55 INFO  : XSCT server has started successfully.
11:44:55 INFO  : Successfully done setting XSCT server connection channel  
11:44:59 INFO  : Successfully done setting SDK workspace  
11:45:01 INFO  : Registering command handlers for SDK TCF services
11:45:02 INFO  : Processing command line option -hwspec D:/Mizar_Z7020_2018.3/Part4_Linux_Demo/10_petalinux_hdmi_wifi/petalinux_hdmi/petalinux_hdmi.sdk/hdmi_out_wrapper.hdf.
11:45:02 INFO  : Checking for hwspec changes in the project hdmi_out_wrapper_hw_platform_2.
11:47:01 INFO  : Registering command handlers for SDK TCF services
11:47:02 INFO  : Launching XSCT server: xsct.bat -interactive D:\Mizar_Z7020_2018.3\Part4_Linux_Demo\10_petalinux_hdmi_wifi\petalinux_hdmi\petalinux_hdmi.sdk\temp_xsdb_launch_script.tcl
11:47:05 INFO  : XSCT server has started successfully.
11:47:05 INFO  : Successfully done setting XSCT server connection channel  
11:47:06 INFO  : Successfully done setting SDK workspace  
11:47:06 INFO  : Processing command line option -hwspec D:/Mizar_Z7020_2018.3/Part4_Linux_Demo/10_petalinux_hdmi_wifi/petalinux_hdmi/petalinux_hdmi.sdk/hdmi_out_wrapper.hdf.
11:51:46 INFO  : SDK has detected change in the last modified timestamps for source hardware specification file Source:1653126706447,  Project:1593773974000
11:51:46 INFO  : Project hdmi_out_wrapper_hw_platform_2's source hardware specification located at D:/Mizar_Z7020_2018.3/Part4_Linux_Demo/10_petalinux_hdmi_wifi/petalinux_hdmi/petalinux_hdmi.sdk/hdmi_out_wrapper.hdf is now different from the local copy.
		 The local copy will be replaced with the source specification and your workspace will be updated.
11:52:15 INFO  : Copied contents of D:/Mizar_Z7020_2018.3/Part4_Linux_Demo/10_petalinux_hdmi_wifi/petalinux_hdmi/petalinux_hdmi.sdk/hdmi_out_wrapper.hdf into \hdmi_out_wrapper_hw_platform_2\system.hdf.
11:52:18 INFO  : Synchronizing projects in the workspace with the hardware platform specification changes.
11:52:18 INFO  : Clearing existing target manager status.
11:52:18 INFO  : Workspace synchronized with the new hardware specification file. Cleaning dependent projects...
11:52:18 WARN  : Linker script will not be updated automatically. Users need to update it manually.
14:07:03 INFO  : Launching XSCT server: xsct.bat -interactive D:\Mizar_Z7020_2018.3\Part4_Linux_Demo\10_petalinux_hdmi_wifi\petalinux_hdmi\petalinux_hdmi.sdk\temp_xsdb_launch_script.tcl
14:07:07 INFO  : XSCT server has started successfully.
14:07:07 INFO  : Successfully done setting XSCT server connection channel  
14:07:16 INFO  : Successfully done setting SDK workspace  
14:07:18 INFO  : Registering command handlers for SDK TCF services
14:07:19 INFO  : Processing command line option -hwspec D:/Mizar_Z7020_2018.3/Part4_Linux_Demo/10_petalinux_hdmi_wifi/petalinux_hdmi/petalinux_hdmi.sdk/hdmi_out_wrapper.hdf.
14:07:19 INFO  : Checking for hwspec changes in the project hdmi_out_wrapper_hw_platform_2.
14:07:19 INFO  : SDK has detected change in the last modified timestamps for source hardware specification file Source:1653134690332,  Project:1653126706447
14:07:19 INFO  : The hardware specification for project 'hdmi_out_wrapper_hw_platform_2' is different from D:/Mizar_Z7020_2018.3/Part4_Linux_Demo/10_petalinux_hdmi_wifi/petalinux_hdmi/petalinux_hdmi.sdk/hdmi_out_wrapper.hdf.
14:07:23 INFO  : Copied contents of D:/Mizar_Z7020_2018.3/Part4_Linux_Demo/10_petalinux_hdmi_wifi/petalinux_hdmi/petalinux_hdmi.sdk/hdmi_out_wrapper.hdf into \hdmi_out_wrapper_hw_platform_2\system.hdf.
14:07:26 INFO  : Synchronizing projects in the workspace with the hardware platform specification changes.
14:07:27 INFO  : Clearing existing target manager status.
14:07:27 INFO  : Workspace synchronized with the new hardware specification file. Cleaning dependent projects...
14:07:27 WARN  : Linker script will not be updated automatically. Users need to update it manually.
